<?xml version="1.0" encoding="UTF-8"?>
<!-- Generated by org.testng.reporters.JUnitXMLReporter -->
<testsuite ignored="20" hostname="hp1" failures="11" tests="22" name="Testing.xml" time="623.379" errors="0" timestamp="2023-09-20T16:21:36 IST">
  <testcase classname="MobileTests.TC_MobileLoginTest_001" name="SubmitButtonWithoutData" time="6.876"/>
  <testcase classname="MobileTests.TC_MobileLoginTest_001" name="Login" time="15.203"/>
  <testcase classname="MobileTests.TC_MobileBookAppointment_003" name="BookAppointmentTest" time="7.797">
    <failure type="org.openqa.selenium.NoSuchElementException" message="An element could not be located on the page using the given search parameters.
For documentation on this error, please visit: https://selenium.dev/exceptions/#no_such_element
Build info: version: &amp;apos;4.4.0&amp;apos;, revision: &amp;apos;e5c75ed026a&amp;apos;
System info: host: &amp;apos;HP1&amp;apos;, ip: &amp;apos;192.168.1.4&amp;apos;, os.name: &amp;apos;Windows 8.1&amp;apos;, os.arch: &amp;apos;amd64&amp;apos;, os.version: &amp;apos;6.3&amp;apos;, java.version: &amp;apos;11.0.15&amp;apos;
Driver info: org.openqa.selenium.remote.RemoteWebDriver
Command: [fbcd38a3-26d5-4d70-805d-a0572470d503, findElement {using=xpath, value=//android.widget.FrameLayout[@content-desc=&amp;quot;Book Appt&amp;quot;]/android.widget.ImageView}]
Capabilities {appActivity: com.clinic.myclinic.SplashS..., appPackage: com.clinic.myclinic.debug, databaseEnabled: false, desired: {appActivity: com.clinic.myclinic.SplashS..., appPackage: com.clinic.myclinic.debug, deviceName: Android, platformName: android}, deviceApiLevel: 28, deviceManufacturer: samsung, deviceModel: SM-M305F, deviceName: 52004c66bc1996ad, deviceScreenDensity: 420, deviceScreenSize: 1080x2340, deviceUDID: 52004c66bc1996ad, javascriptEnabled: true, locationContextEnabled: false, networkConnectionEnabled: true, pixelRatio: 2.625, platform: LINUX, platformName: ANDROID, platformVersion: 9, statBarHeight: 78, takesScreenshot: true, viewportRect: {height: 2053, left: 0, top: 78, width: 1080}, warnings: {}, webStorageEnabled: false}
Session ID: fbcd38a3-26d5-4d70-805d-a0572470d503">
      <![CDATA[org.openqa.selenium.NoSuchElementException: An element could not be located on the page using the given search parameters.
For documentation on this error, please visit: https://selenium.dev/exceptions/#no_such_element
Build info: version: '4.4.0', revision: 'e5c75ed026a'
System info: host: 'HP1', ip: '192.168.1.4', os.name: 'Windows 8.1', os.arch: 'amd64', os.version: '6.3', java.version: '11.0.15'
Driver info: org.openqa.selenium.remote.RemoteWebDriver
Command: [fbcd38a3-26d5-4d70-805d-a0572470d503, findElement {using=xpath, value=//android.widget.FrameLayout[@content-desc="Book Appt"]/android.widget.ImageView}]
Capabilities {appActivity: com.clinic.myclinic.SplashS..., appPackage: com.clinic.myclinic.debug, databaseEnabled: false, desired: {appActivity: com.clinic.myclinic.SplashS..., appPackage: com.clinic.myclinic.debug, deviceName: Android, platformName: android}, deviceApiLevel: 28, deviceManufacturer: samsung, deviceModel: SM-M305F, deviceName: 52004c66bc1996ad, deviceScreenDensity: 420, deviceScreenSize: 1080x2340, deviceUDID: 52004c66bc1996ad, javascriptEnabled: true, locationContextEnabled: false, networkConnectionEnabled: true, pixelRatio: 2.625, platform: LINUX, platformName: ANDROID, platformVersion: 9, statBarHeight: 78, takesScreenshot: true, viewportRect: {height: 2053, left: 0, top: 78, width: 1080}, warnings: {}, webStorageEnabled: false}
Session ID: fbcd38a3-26d5-4d70-805d-a0572470d503
at org.openqa.selenium.remote.codec.w3c.W3CHttpResponseCodec.createException(W3CHttpResponseCodec.java:200)
at org.openqa.selenium.remote.codec.w3c.W3CHttpResponseCodec.decode(W3CHttpResponseCodec.java:133)
at org.openqa.selenium.remote.codec.w3c.W3CHttpResponseCodec.decode(W3CHttpResponseCodec.java:53)
at org.openqa.selenium.remote.HttpCommandExecutor.execute(HttpCommandExecutor.java:184)
at org.openqa.selenium.remote.TracedCommandExecutor.execute(TracedCommandExecutor.java:51)
at org.openqa.selenium.remote.RemoteWebDriver.execute(RemoteWebDriver.java:547)
at org.openqa.selenium.remote.ElementLocation$ElementFinder$2.findElement(ElementLocation.java:162)
at org.openqa.selenium.remote.ElementLocation.findElement(ElementLocation.java:60)
at org.openqa.selenium.remote.RemoteWebDriver.findElement(RemoteWebDriver.java:365)
at org.openqa.selenium.remote.RemoteWebDriver.findElement(RemoteWebDriver.java:357)
at org.openqa.selenium.support.pagefactory.DefaultElementLocator.findElement(DefaultElementLocator.java:69)
at org.openqa.selenium.support.pagefactory.internal.LocatingElementHandler.invoke(LocatingElementHandler.java:38)
at com.sun.proxy.$Proxy22.click(Unknown Source)
at MobileTests.TC_MobileBookAppointment_003.BookAppointmentTest(TC_MobileBookAppointment_003.java:56)
at java.base/java.util.ArrayList.forEach(ArrayList.java:1541)
... Removed 31 stack frames]]>
    </failure>
  </testcase> <!-- BookAppointmentTest -->
  <testcase classname="MobileTests.TC_MobileRegisterTest_007" name="RegisterTest" time="41.518"/>
  <testcase classname="MobileTests.TC_MobileRegisterTest_007" name="NotConfirmUsernameField" time="19.808"/>
  <testcase classname="MobileTests.TC_MobileRegisterTest_007" name="IncorrectConfirmUsernameField" time="16.394"/>
  <testcase classname="MobileTests.TC_MobileRegisterTest_007" name="WithoutSelectingCheckBoxRegistration" time="10.836"/>
  <testcase classname="MobileTests.TC_MobileRegisterTest_007" name="WithoutDataRegistration" time="5.691"/>
  <testcase classname="MobileTests.TC_MobileRegisterTest_007" name="ClickHelp" time="3.331"/>
  <testcase classname="MobileTests.TC_MobileSearchPatientTest_008" name="SearchPatientTest" time="25.822">
    <failure type="org.openqa.selenium.StaleElementReferenceException" message="androidx.test.uiautomator.StaleObjectException
For documentation on this error, please visit: https://selenium.dev/exceptions/#stale_element_reference
Build info: version: &amp;apos;4.4.0&amp;apos;, revision: &amp;apos;e5c75ed026a&amp;apos;
System info: host: &amp;apos;HP1&amp;apos;, ip: &amp;apos;192.168.1.4&amp;apos;, os.name: &amp;apos;Windows 8.1&amp;apos;, os.arch: &amp;apos;amd64&amp;apos;, os.version: &amp;apos;6.3&amp;apos;, java.version: &amp;apos;11.0.15&amp;apos;
Driver info: org.openqa.selenium.remote.RemoteWebDriver
Command: [6ccce568-8e4b-4d12-8c8d-2315fc049a81, sendKeysToElement {id=00000000-0000-0037-ffff-ffff00000091, value=[Ljava.lang.CharSequence;@d969452}]
Capabilities {appActivity: com.clinic.myclinic.SplashS..., appPackage: com.clinic.myclinic.debug, databaseEnabled: false, desired: {appActivity: com.clinic.myclinic.SplashS..., appPackage: com.clinic.myclinic.debug, deviceName: Android, platformName: android}, deviceApiLevel: 28, deviceManufacturer: samsung, deviceModel: SM-M305F, deviceName: 52004c66bc1996ad, deviceScreenDensity: 420, deviceScreenSize: 1080x2340, deviceUDID: 52004c66bc1996ad, javascriptEnabled: true, locationContextEnabled: false, networkConnectionEnabled: true, pixelRatio: 2.625, platform: LINUX, platformName: ANDROID, platformVersion: 9, statBarHeight: 78, takesScreenshot: true, viewportRect: {height: 2053, left: 0, top: 78, width: 1080}, warnings: {}, webStorageEnabled: false}
Element: [[RemoteWebDriver:  on ANDROID (6ccce568-8e4b-4d12-8c8d-2315fc049a81)] -&amp;gt; xpath: /hierarchy/android.widget.FrameLayout/android.widget.LinearLayout/android.widget.FrameLayout/android.view.ViewGroup/android.widget.FrameLayout[2]/androidx.drawerlayout.widget.DrawerLayout/android.view.ViewGroup/android.widget.FrameLayout/android.widget.FrameLayout/android.widget.LinearLayout/android.widget.LinearLayout[2]/android.widget.EditText]
Session ID: 6ccce568-8e4b-4d12-8c8d-2315fc049a81">
      <![CDATA[org.openqa.selenium.StaleElementReferenceException: androidx.test.uiautomator.StaleObjectException
For documentation on this error, please visit: https://selenium.dev/exceptions/#stale_element_reference
Build info: version: '4.4.0', revision: 'e5c75ed026a'
System info: host: 'HP1', ip: '192.168.1.4', os.name: 'Windows 8.1', os.arch: 'amd64', os.version: '6.3', java.version: '11.0.15'
Driver info: org.openqa.selenium.remote.RemoteWebDriver
Command: [6ccce568-8e4b-4d12-8c8d-2315fc049a81, sendKeysToElement {id=00000000-0000-0037-ffff-ffff00000091, value=[Ljava.lang.CharSequence;@d969452}]
Capabilities {appActivity: com.clinic.myclinic.SplashS..., appPackage: com.clinic.myclinic.debug, databaseEnabled: false, desired: {appActivity: com.clinic.myclinic.SplashS..., appPackage: com.clinic.myclinic.debug, deviceName: Android, platformName: android}, deviceApiLevel: 28, deviceManufacturer: samsung, deviceModel: SM-M305F, deviceName: 52004c66bc1996ad, deviceScreenDensity: 420, deviceScreenSize: 1080x2340, deviceUDID: 52004c66bc1996ad, javascriptEnabled: true, locationContextEnabled: false, networkConnectionEnabled: true, pixelRatio: 2.625, platform: LINUX, platformName: ANDROID, platformVersion: 9, statBarHeight: 78, takesScreenshot: true, viewportRect: {height: 2053, left: 0, top: 78, width: 1080}, warnings: {}, webStorageEnabled: false}
Element: [[RemoteWebDriver:  on ANDROID (6ccce568-8e4b-4d12-8c8d-2315fc049a81)] -> xpath: /hierarchy/android.widget.FrameLayout/android.widget.LinearLayout/android.widget.FrameLayout/android.view.ViewGroup/android.widget.FrameLayout[2]/androidx.drawerlayout.widget.DrawerLayout/android.view.ViewGroup/android.widget.FrameLayout/android.widget.FrameLayout/android.widget.LinearLayout/android.widget.LinearLayout[2]/android.widget.EditText]
Session ID: 6ccce568-8e4b-4d12-8c8d-2315fc049a81
at org.openqa.selenium.remote.codec.w3c.W3CHttpResponseCodec.createException(W3CHttpResponseCodec.java:200)
at org.openqa.selenium.remote.codec.w3c.W3CHttpResponseCodec.decode(W3CHttpResponseCodec.java:133)
at org.openqa.selenium.remote.codec.w3c.W3CHttpResponseCodec.decode(W3CHttpResponseCodec.java:53)
at org.openqa.selenium.remote.HttpCommandExecutor.execute(HttpCommandExecutor.java:184)
at org.openqa.selenium.remote.TracedCommandExecutor.execute(TracedCommandExecutor.java:51)
at org.openqa.selenium.remote.RemoteWebDriver.execute(RemoteWebDriver.java:547)
at org.openqa.selenium.remote.RemoteWebElement.execute(RemoteWebElement.java:257)
at org.openqa.selenium.remote.RemoteWebElement.sendKeys(RemoteWebElement.java:113)
at org.openqa.selenium.support.pagefactory.internal.LocatingElementHandler.invoke(LocatingElementHandler.java:51)
at com.sun.proxy.$Proxy22.sendKeys(Unknown Source)
at MobileTests.TC_MobileSearchPatientTest_008.SearchPatientTest(TC_MobileSearchPatientTest_008.java:63)
at java.base/java.util.ArrayList.forEach(ArrayList.java:1541)
... Removed 34 stack frames]]>
    </failure>
  </testcase> <!-- SearchPatientTest -->
  <testcase classname="MobileTests.TC_MobileAddPatientTest_004" name="AddPatientTest" time="8.433">
    <failure type="org.openqa.selenium.NoSuchElementException" message="An element could not be located on the page using the given search parameters.
For documentation on this error, please visit: https://selenium.dev/exceptions/#no_such_element
Build info: version: &amp;apos;4.4.0&amp;apos;, revision: &amp;apos;e5c75ed026a&amp;apos;
System info: host: &amp;apos;HP1&amp;apos;, ip: &amp;apos;192.168.1.4&amp;apos;, os.name: &amp;apos;Windows 8.1&amp;apos;, os.arch: &amp;apos;amd64&amp;apos;, os.version: &amp;apos;6.3&amp;apos;, java.version: &amp;apos;11.0.15&amp;apos;
Driver info: org.openqa.selenium.remote.RemoteWebDriver
Command: [301b86d8-dfcf-4bcd-a9e7-a761c7807999, findElement {using=id, value=com.clinic.myclinic.debug:id/largeLabel}]
Capabilities {appActivity: com.clinic.myclinic.SplashS..., appPackage: com.clinic.myclinic.debug, databaseEnabled: false, desired: {appActivity: com.clinic.myclinic.SplashS..., appPackage: com.clinic.myclinic.debug, deviceName: Android, platformName: android}, deviceApiLevel: 28, deviceManufacturer: samsung, deviceModel: SM-M305F, deviceName: 52004c66bc1996ad, deviceScreenDensity: 420, deviceScreenSize: 1080x2340, deviceUDID: 52004c66bc1996ad, javascriptEnabled: true, locationContextEnabled: false, networkConnectionEnabled: true, pixelRatio: 2.625, platform: LINUX, platformName: ANDROID, platformVersion: 9, statBarHeight: 78, takesScreenshot: true, viewportRect: {height: 2053, left: 0, top: 78, width: 1080}, warnings: {}, webStorageEnabled: false}
Session ID: 301b86d8-dfcf-4bcd-a9e7-a761c7807999">
      <![CDATA[org.openqa.selenium.NoSuchElementException: An element could not be located on the page using the given search parameters.
For documentation on this error, please visit: https://selenium.dev/exceptions/#no_such_element
Build info: version: '4.4.0', revision: 'e5c75ed026a'
System info: host: 'HP1', ip: '192.168.1.4', os.name: 'Windows 8.1', os.arch: 'amd64', os.version: '6.3', java.version: '11.0.15'
Driver info: org.openqa.selenium.remote.RemoteWebDriver
Command: [301b86d8-dfcf-4bcd-a9e7-a761c7807999, findElement {using=id, value=com.clinic.myclinic.debug:id/largeLabel}]
Capabilities {appActivity: com.clinic.myclinic.SplashS..., appPackage: com.clinic.myclinic.debug, databaseEnabled: false, desired: {appActivity: com.clinic.myclinic.SplashS..., appPackage: com.clinic.myclinic.debug, deviceName: Android, platformName: android}, deviceApiLevel: 28, deviceManufacturer: samsung, deviceModel: SM-M305F, deviceName: 52004c66bc1996ad, deviceScreenDensity: 420, deviceScreenSize: 1080x2340, deviceUDID: 52004c66bc1996ad, javascriptEnabled: true, locationContextEnabled: false, networkConnectionEnabled: true, pixelRatio: 2.625, platform: LINUX, platformName: ANDROID, platformVersion: 9, statBarHeight: 78, takesScreenshot: true, viewportRect: {height: 2053, left: 0, top: 78, width: 1080}, warnings: {}, webStorageEnabled: false}
Session ID: 301b86d8-dfcf-4bcd-a9e7-a761c7807999
at org.openqa.selenium.remote.codec.w3c.W3CHttpResponseCodec.createException(W3CHttpResponseCodec.java:200)
at org.openqa.selenium.remote.codec.w3c.W3CHttpResponseCodec.decode(W3CHttpResponseCodec.java:133)
at org.openqa.selenium.remote.codec.w3c.W3CHttpResponseCodec.decode(W3CHttpResponseCodec.java:53)
at org.openqa.selenium.remote.HttpCommandExecutor.execute(HttpCommandExecutor.java:184)
at org.openqa.selenium.remote.TracedCommandExecutor.execute(TracedCommandExecutor.java:51)
at org.openqa.selenium.remote.RemoteWebDriver.execute(RemoteWebDriver.java:547)
at org.openqa.selenium.remote.ElementLocation$ElementFinder$2.findElement(ElementLocation.java:162)
at org.openqa.selenium.remote.ElementLocation.findElement(ElementLocation.java:60)
at org.openqa.selenium.remote.RemoteWebDriver.findElement(RemoteWebDriver.java:365)
at org.openqa.selenium.remote.RemoteWebDriver.findElement(RemoteWebDriver.java:357)
at org.openqa.selenium.support.pagefactory.DefaultElementLocator.findElement(DefaultElementLocator.java:69)
at org.openqa.selenium.support.pagefactory.internal.LocatingElementHandler.invoke(LocatingElementHandler.java:38)
at com.sun.proxy.$Proxy22.click(Unknown Source)
at MobileTests.TC_MobileAddPatientTest_004.AddPatientTest(TC_MobileAddPatientTest_004.java:61)
at java.base/java.util.ArrayList.forEach(ArrayList.java:1541)
... Removed 31 stack frames]]>
    </failure>
  </testcase> <!-- AddPatientTest -->
  <testcase classname="MobileTests.TC_MobileAddPatientTest_004" name="AddPatientTestWithoutData" time="5.122">
    <failure type="org.openqa.selenium.NoSuchElementException" message="An element could not be located on the page using the given search parameters.
For documentation on this error, please visit: https://selenium.dev/exceptions/#no_such_element
Build info: version: &amp;apos;4.4.0&amp;apos;, revision: &amp;apos;e5c75ed026a&amp;apos;
System info: host: &amp;apos;HP1&amp;apos;, ip: &amp;apos;192.168.1.4&amp;apos;, os.name: &amp;apos;Windows 8.1&amp;apos;, os.arch: &amp;apos;amd64&amp;apos;, os.version: &amp;apos;6.3&amp;apos;, java.version: &amp;apos;11.0.15&amp;apos;
Driver info: org.openqa.selenium.remote.RemoteWebDriver
Command: [301b86d8-dfcf-4bcd-a9e7-a761c7807999, findElement {using=id, value=com.clinic.myclinic.debug:id/largeLabel}]
Capabilities {appActivity: com.clinic.myclinic.SplashS..., appPackage: com.clinic.myclinic.debug, databaseEnabled: false, desired: {appActivity: com.clinic.myclinic.SplashS..., appPackage: com.clinic.myclinic.debug, deviceName: Android, platformName: android}, deviceApiLevel: 28, deviceManufacturer: samsung, deviceModel: SM-M305F, deviceName: 52004c66bc1996ad, deviceScreenDensity: 420, deviceScreenSize: 1080x2340, deviceUDID: 52004c66bc1996ad, javascriptEnabled: true, locationContextEnabled: false, networkConnectionEnabled: true, pixelRatio: 2.625, platform: LINUX, platformName: ANDROID, platformVersion: 9, statBarHeight: 78, takesScreenshot: true, viewportRect: {height: 2053, left: 0, top: 78, width: 1080}, warnings: {}, webStorageEnabled: false}
Session ID: 301b86d8-dfcf-4bcd-a9e7-a761c7807999">
      <![CDATA[org.openqa.selenium.NoSuchElementException: An element could not be located on the page using the given search parameters.
For documentation on this error, please visit: https://selenium.dev/exceptions/#no_such_element
Build info: version: '4.4.0', revision: 'e5c75ed026a'
System info: host: 'HP1', ip: '192.168.1.4', os.name: 'Windows 8.1', os.arch: 'amd64', os.version: '6.3', java.version: '11.0.15'
Driver info: org.openqa.selenium.remote.RemoteWebDriver
Command: [301b86d8-dfcf-4bcd-a9e7-a761c7807999, findElement {using=id, value=com.clinic.myclinic.debug:id/largeLabel}]
Capabilities {appActivity: com.clinic.myclinic.SplashS..., appPackage: com.clinic.myclinic.debug, databaseEnabled: false, desired: {appActivity: com.clinic.myclinic.SplashS..., appPackage: com.clinic.myclinic.debug, deviceName: Android, platformName: android}, deviceApiLevel: 28, deviceManufacturer: samsung, deviceModel: SM-M305F, deviceName: 52004c66bc1996ad, deviceScreenDensity: 420, deviceScreenSize: 1080x2340, deviceUDID: 52004c66bc1996ad, javascriptEnabled: true, locationContextEnabled: false, networkConnectionEnabled: true, pixelRatio: 2.625, platform: LINUX, platformName: ANDROID, platformVersion: 9, statBarHeight: 78, takesScreenshot: true, viewportRect: {height: 2053, left: 0, top: 78, width: 1080}, warnings: {}, webStorageEnabled: false}
Session ID: 301b86d8-dfcf-4bcd-a9e7-a761c7807999
at org.openqa.selenium.remote.codec.w3c.W3CHttpResponseCodec.createException(W3CHttpResponseCodec.java:200)
at org.openqa.selenium.remote.codec.w3c.W3CHttpResponseCodec.decode(W3CHttpResponseCodec.java:133)
at org.openqa.selenium.remote.codec.w3c.W3CHttpResponseCodec.decode(W3CHttpResponseCodec.java:53)
at org.openqa.selenium.remote.HttpCommandExecutor.execute(HttpCommandExecutor.java:184)
at org.openqa.selenium.remote.TracedCommandExecutor.execute(TracedCommandExecutor.java:51)
at org.openqa.selenium.remote.RemoteWebDriver.execute(RemoteWebDriver.java:547)
at org.openqa.selenium.remote.ElementLocation$ElementFinder$2.findElement(ElementLocation.java:162)
at org.openqa.selenium.remote.ElementLocation.findElement(ElementLocation.java:60)
at org.openqa.selenium.remote.RemoteWebDriver.findElement(RemoteWebDriver.java:365)
at org.openqa.selenium.remote.RemoteWebDriver.findElement(RemoteWebDriver.java:357)
at org.openqa.selenium.support.pagefactory.DefaultElementLocator.findElement(DefaultElementLocator.java:69)
at org.openqa.selenium.support.pagefactory.internal.LocatingElementHandler.invoke(LocatingElementHandler.java:38)
at com.sun.proxy.$Proxy22.click(Unknown Source)
at MobileTests.TC_MobileAddPatientTest_004.AddPatientTestWithoutData(TC_MobileAddPatientTest_004.java:120)
at java.base/java.util.ArrayList.forEach(ArrayList.java:1541)
... Removed 31 stack frames]]>
    </failure>
  </testcase> <!-- AddPatientTestWithoutData -->
  <testcase classname="MobileTests.TC_MobileAddPrescriptionTest_002" name="AddPrescriptionTest" time="41.463"/>
  <testcase classname="MobileTests.TC_MobileViewPrescriptionTest_005" name="ViewPrescriptionTest" time="21.674"/>
  <testcase classname="MobileTests.TC_MobileToDoListTest_006" name="ToDoListTest" time="14.67">
    <failure type="org.openqa.selenium.NoSuchElementException" message="An element could not be located on the page using the given search parameters.
For documentation on this error, please visit: https://selenium.dev/exceptions/#no_such_element
Build info: version: &amp;apos;4.4.0&amp;apos;, revision: &amp;apos;e5c75ed026a&amp;apos;
System info: host: &amp;apos;HP1&amp;apos;, ip: &amp;apos;192.168.1.4&amp;apos;, os.name: &amp;apos;Windows 8.1&amp;apos;, os.arch: &amp;apos;amd64&amp;apos;, os.version: &amp;apos;6.3&amp;apos;, java.version: &amp;apos;11.0.15&amp;apos;
Driver info: org.openqa.selenium.remote.RemoteWebDriver
Command: [0969b1b4-6bf1-4733-8bc7-33e35110e03f, findElement {using=id, value=com.clinic.myclinic.debug:id/txtHomeFragment}]
Capabilities {appActivity: com.clinic.myclinic.SplashS..., appPackage: com.clinic.myclinic.debug, databaseEnabled: false, desired: {appActivity: com.clinic.myclinic.SplashS..., appPackage: com.clinic.myclinic.debug, deviceName: Android, platformName: android}, deviceApiLevel: 28, deviceManufacturer: samsung, deviceModel: SM-M305F, deviceName: 52004c66bc1996ad, deviceScreenDensity: 420, deviceScreenSize: 1080x2340, deviceUDID: 52004c66bc1996ad, javascriptEnabled: true, locationContextEnabled: false, networkConnectionEnabled: true, pixelRatio: 2.625, platform: LINUX, platformName: ANDROID, platformVersion: 9, statBarHeight: 78, takesScreenshot: true, viewportRect: {height: 2053, left: 0, top: 78, width: 1080}, warnings: {}, webStorageEnabled: false}
Session ID: 0969b1b4-6bf1-4733-8bc7-33e35110e03f">
      <![CDATA[org.openqa.selenium.NoSuchElementException: An element could not be located on the page using the given search parameters.
For documentation on this error, please visit: https://selenium.dev/exceptions/#no_such_element
Build info: version: '4.4.0', revision: 'e5c75ed026a'
System info: host: 'HP1', ip: '192.168.1.4', os.name: 'Windows 8.1', os.arch: 'amd64', os.version: '6.3', java.version: '11.0.15'
Driver info: org.openqa.selenium.remote.RemoteWebDriver
Command: [0969b1b4-6bf1-4733-8bc7-33e35110e03f, findElement {using=id, value=com.clinic.myclinic.debug:id/txtHomeFragment}]
Capabilities {appActivity: com.clinic.myclinic.SplashS..., appPackage: com.clinic.myclinic.debug, databaseEnabled: false, desired: {appActivity: com.clinic.myclinic.SplashS..., appPackage: com.clinic.myclinic.debug, deviceName: Android, platformName: android}, deviceApiLevel: 28, deviceManufacturer: samsung, deviceModel: SM-M305F, deviceName: 52004c66bc1996ad, deviceScreenDensity: 420, deviceScreenSize: 1080x2340, deviceUDID: 52004c66bc1996ad, javascriptEnabled: true, locationContextEnabled: false, networkConnectionEnabled: true, pixelRatio: 2.625, platform: LINUX, platformName: ANDROID, platformVersion: 9, statBarHeight: 78, takesScreenshot: true, viewportRect: {height: 2053, left: 0, top: 78, width: 1080}, warnings: {}, webStorageEnabled: false}
Session ID: 0969b1b4-6bf1-4733-8bc7-33e35110e03f
at org.openqa.selenium.remote.codec.w3c.W3CHttpResponseCodec.createException(W3CHttpResponseCodec.java:200)
at org.openqa.selenium.remote.codec.w3c.W3CHttpResponseCodec.decode(W3CHttpResponseCodec.java:133)
at org.openqa.selenium.remote.codec.w3c.W3CHttpResponseCodec.decode(W3CHttpResponseCodec.java:53)
at org.openqa.selenium.remote.HttpCommandExecutor.execute(HttpCommandExecutor.java:184)
at org.openqa.selenium.remote.TracedCommandExecutor.execute(TracedCommandExecutor.java:51)
at org.openqa.selenium.remote.RemoteWebDriver.execute(RemoteWebDriver.java:547)
at org.openqa.selenium.remote.ElementLocation$ElementFinder$2.findElement(ElementLocation.java:162)
at org.openqa.selenium.remote.ElementLocation.findElement(ElementLocation.java:60)
at org.openqa.selenium.remote.RemoteWebDriver.findElement(RemoteWebDriver.java:365)
at org.openqa.selenium.remote.RemoteWebDriver.findElement(RemoteWebDriver.java:357)
at org.openqa.selenium.support.pagefactory.DefaultElementLocator.findElement(DefaultElementLocator.java:69)
at org.openqa.selenium.support.pagefactory.internal.LocatingElementHandler.invoke(LocatingElementHandler.java:38)
at com.sun.proxy.$Proxy22.click(Unknown Source)
at MobileTests.TC_MobileToDoListTest_006.ToDoListTest(TC_MobileToDoListTest_006.java:63)
at java.base/java.util.ArrayList.forEach(ArrayList.java:1541)
... Removed 31 stack frames]]>
    </failure>
  </testcase> <!-- ToDoListTest -->
  <testcase classname="MobileTests.TC_MobileToDoListTest_006" name="WithDueDate" time="5.258">
    <failure type="org.openqa.selenium.NoSuchElementException" message="An element could not be located on the page using the given search parameters.
For documentation on this error, please visit: https://selenium.dev/exceptions/#no_such_element
Build info: version: &amp;apos;4.4.0&amp;apos;, revision: &amp;apos;e5c75ed026a&amp;apos;
System info: host: &amp;apos;HP1&amp;apos;, ip: &amp;apos;192.168.1.4&amp;apos;, os.name: &amp;apos;Windows 8.1&amp;apos;, os.arch: &amp;apos;amd64&amp;apos;, os.version: &amp;apos;6.3&amp;apos;, java.version: &amp;apos;11.0.15&amp;apos;
Driver info: org.openqa.selenium.remote.RemoteWebDriver
Command: [0969b1b4-6bf1-4733-8bc7-33e35110e03f, findElement {using=id, value=com.clinic.myclinic.debug:id/txtAddTask}]
Capabilities {appActivity: com.clinic.myclinic.SplashS..., appPackage: com.clinic.myclinic.debug, databaseEnabled: false, desired: {appActivity: com.clinic.myclinic.SplashS..., appPackage: com.clinic.myclinic.debug, deviceName: Android, platformName: android}, deviceApiLevel: 28, deviceManufacturer: samsung, deviceModel: SM-M305F, deviceName: 52004c66bc1996ad, deviceScreenDensity: 420, deviceScreenSize: 1080x2340, deviceUDID: 52004c66bc1996ad, javascriptEnabled: true, locationContextEnabled: false, networkConnectionEnabled: true, pixelRatio: 2.625, platform: LINUX, platformName: ANDROID, platformVersion: 9, statBarHeight: 78, takesScreenshot: true, viewportRect: {height: 2053, left: 0, top: 78, width: 1080}, warnings: {}, webStorageEnabled: false}
Session ID: 0969b1b4-6bf1-4733-8bc7-33e35110e03f">
      <![CDATA[org.openqa.selenium.NoSuchElementException: An element could not be located on the page using the given search parameters.
For documentation on this error, please visit: https://selenium.dev/exceptions/#no_such_element
Build info: version: '4.4.0', revision: 'e5c75ed026a'
System info: host: 'HP1', ip: '192.168.1.4', os.name: 'Windows 8.1', os.arch: 'amd64', os.version: '6.3', java.version: '11.0.15'
Driver info: org.openqa.selenium.remote.RemoteWebDriver
Command: [0969b1b4-6bf1-4733-8bc7-33e35110e03f, findElement {using=id, value=com.clinic.myclinic.debug:id/txtAddTask}]
Capabilities {appActivity: com.clinic.myclinic.SplashS..., appPackage: com.clinic.myclinic.debug, databaseEnabled: false, desired: {appActivity: com.clinic.myclinic.SplashS..., appPackage: com.clinic.myclinic.debug, deviceName: Android, platformName: android}, deviceApiLevel: 28, deviceManufacturer: samsung, deviceModel: SM-M305F, deviceName: 52004c66bc1996ad, deviceScreenDensity: 420, deviceScreenSize: 1080x2340, deviceUDID: 52004c66bc1996ad, javascriptEnabled: true, locationContextEnabled: false, networkConnectionEnabled: true, pixelRatio: 2.625, platform: LINUX, platformName: ANDROID, platformVersion: 9, statBarHeight: 78, takesScreenshot: true, viewportRect: {height: 2053, left: 0, top: 78, width: 1080}, warnings: {}, webStorageEnabled: false}
Session ID: 0969b1b4-6bf1-4733-8bc7-33e35110e03f
at org.openqa.selenium.remote.codec.w3c.W3CHttpResponseCodec.createException(W3CHttpResponseCodec.java:200)
at org.openqa.selenium.remote.codec.w3c.W3CHttpResponseCodec.decode(W3CHttpResponseCodec.java:133)
at org.openqa.selenium.remote.codec.w3c.W3CHttpResponseCodec.decode(W3CHttpResponseCodec.java:53)
at org.openqa.selenium.remote.HttpCommandExecutor.execute(HttpCommandExecutor.java:184)
at org.openqa.selenium.remote.TracedCommandExecutor.execute(TracedCommandExecutor.java:51)
at org.openqa.selenium.remote.RemoteWebDriver.execute(RemoteWebDriver.java:547)
at org.openqa.selenium.remote.ElementLocation$ElementFinder$2.findElement(ElementLocation.java:162)
at org.openqa.selenium.remote.ElementLocation.findElement(ElementLocation.java:60)
at org.openqa.selenium.remote.RemoteWebDriver.findElement(RemoteWebDriver.java:365)
at org.openqa.selenium.remote.RemoteWebDriver.findElement(RemoteWebDriver.java:357)
at org.openqa.selenium.support.pagefactory.DefaultElementLocator.findElement(DefaultElementLocator.java:69)
at org.openqa.selenium.support.pagefactory.internal.LocatingElementHandler.invoke(LocatingElementHandler.java:38)
at com.sun.proxy.$Proxy22.click(Unknown Source)
at MobileTests.TC_MobileToDoListTest_006.WithDueDate(TC_MobileToDoListTest_006.java:94)
at java.base/java.util.ArrayList.forEach(ArrayList.java:1541)
... Removed 31 stack frames]]>
    </failure>
  </testcase> <!-- WithDueDate -->
  <testcase classname="MobileTests.TC_MobileToDoListTest_006" name="ViewCompletedTasks" time="6.641">
    <failure type="org.openqa.selenium.NoSuchElementException" message="An element could not be located on the page using the given search parameters.
For documentation on this error, please visit: https://selenium.dev/exceptions/#no_such_element
Build info: version: &amp;apos;4.4.0&amp;apos;, revision: &amp;apos;e5c75ed026a&amp;apos;
System info: host: &amp;apos;HP1&amp;apos;, ip: &amp;apos;192.168.1.4&amp;apos;, os.name: &amp;apos;Windows 8.1&amp;apos;, os.arch: &amp;apos;amd64&amp;apos;, os.version: &amp;apos;6.3&amp;apos;, java.version: &amp;apos;11.0.15&amp;apos;
Driver info: org.openqa.selenium.remote.RemoteWebDriver
Command: [0969b1b4-6bf1-4733-8bc7-33e35110e03f, findElement {using=xpath, value=/hierarchy/android.widget.FrameLayout/android.widget.LinearLayout/android.widget.FrameLayout/android.view.ViewGroup/android.widget.FrameLayout[2]/androidx.drawerlayout.widget.DrawerLayout/android.view.ViewGroup/android.widget.FrameLayout/android.widget.FrameLayout/android.widget.LinearLayout/androidx.viewpager.widget.ViewPager/android.widget.LinearLayout/androidx.recyclerview.widget.RecyclerView/android.widget.LinearLayout[0]/android.widget.ImageView[1]}]
Capabilities {appActivity: com.clinic.myclinic.SplashS..., appPackage: com.clinic.myclinic.debug, databaseEnabled: false, desired: {appActivity: com.clinic.myclinic.SplashS..., appPackage: com.clinic.myclinic.debug, deviceName: Android, platformName: android}, deviceApiLevel: 28, deviceManufacturer: samsung, deviceModel: SM-M305F, deviceName: 52004c66bc1996ad, deviceScreenDensity: 420, deviceScreenSize: 1080x2340, deviceUDID: 52004c66bc1996ad, javascriptEnabled: true, locationContextEnabled: false, networkConnectionEnabled: true, pixelRatio: 2.625, platform: LINUX, platformName: ANDROID, platformVersion: 9, statBarHeight: 78, takesScreenshot: true, viewportRect: {height: 2053, left: 0, top: 78, width: 1080}, warnings: {}, webStorageEnabled: false}
Session ID: 0969b1b4-6bf1-4733-8bc7-33e35110e03f">
      <![CDATA[org.openqa.selenium.NoSuchElementException: An element could not be located on the page using the given search parameters.
For documentation on this error, please visit: https://selenium.dev/exceptions/#no_such_element
Build info: version: '4.4.0', revision: 'e5c75ed026a'
System info: host: 'HP1', ip: '192.168.1.4', os.name: 'Windows 8.1', os.arch: 'amd64', os.version: '6.3', java.version: '11.0.15'
Driver info: org.openqa.selenium.remote.RemoteWebDriver
Command: [0969b1b4-6bf1-4733-8bc7-33e35110e03f, findElement {using=xpath, value=/hierarchy/android.widget.FrameLayout/android.widget.LinearLayout/android.widget.FrameLayout/android.view.ViewGroup/android.widget.FrameLayout[2]/androidx.drawerlayout.widget.DrawerLayout/android.view.ViewGroup/android.widget.FrameLayout/android.widget.FrameLayout/android.widget.LinearLayout/androidx.viewpager.widget.ViewPager/android.widget.LinearLayout/androidx.recyclerview.widget.RecyclerView/android.widget.LinearLayout[0]/android.widget.ImageView[1]}]
Capabilities {appActivity: com.clinic.myclinic.SplashS..., appPackage: com.clinic.myclinic.debug, databaseEnabled: false, desired: {appActivity: com.clinic.myclinic.SplashS..., appPackage: com.clinic.myclinic.debug, deviceName: Android, platformName: android}, deviceApiLevel: 28, deviceManufacturer: samsung, deviceModel: SM-M305F, deviceName: 52004c66bc1996ad, deviceScreenDensity: 420, deviceScreenSize: 1080x2340, deviceUDID: 52004c66bc1996ad, javascriptEnabled: true, locationContextEnabled: false, networkConnectionEnabled: true, pixelRatio: 2.625, platform: LINUX, platformName: ANDROID, platformVersion: 9, statBarHeight: 78, takesScreenshot: true, viewportRect: {height: 2053, left: 0, top: 78, width: 1080}, warnings: {}, webStorageEnabled: false}
Session ID: 0969b1b4-6bf1-4733-8bc7-33e35110e03f
at org.openqa.selenium.remote.codec.w3c.W3CHttpResponseCodec.createException(W3CHttpResponseCodec.java:200)
at org.openqa.selenium.remote.codec.w3c.W3CHttpResponseCodec.decode(W3CHttpResponseCodec.java:133)
at org.openqa.selenium.remote.codec.w3c.W3CHttpResponseCodec.decode(W3CHttpResponseCodec.java:53)
at org.openqa.selenium.remote.HttpCommandExecutor.execute(HttpCommandExecutor.java:184)
at org.openqa.selenium.remote.TracedCommandExecutor.execute(TracedCommandExecutor.java:51)
at org.openqa.selenium.remote.RemoteWebDriver.execute(RemoteWebDriver.java:547)
at org.openqa.selenium.remote.ElementLocation$ElementFinder$2.findElement(ElementLocation.java:162)
at org.openqa.selenium.remote.ElementLocation.findElement(ElementLocation.java:60)
at org.openqa.selenium.remote.RemoteWebDriver.findElement(RemoteWebDriver.java:365)
at org.openqa.selenium.remote.RemoteWebDriver.findElement(RemoteWebDriver.java:357)
at MobileTests.TC_MobileToDoListTest_006.ViewCompletedTasks(TC_MobileToDoListTest_006.java:129)
at java.base/java.util.ArrayList.forEach(ArrayList.java:1541)
... Removed 31 stack frames]]>
    </failure>
  </testcase> <!-- ViewCompletedTasks -->
  <testcase classname="MobileTests.TC_MobileToDoListTest_006" name="TodoListDeleteTask" time="0.56">
    <failure type="org.openqa.selenium.NoSuchElementException" message="An element could not be located on the page using the given search parameters.
For documentation on this error, please visit: https://selenium.dev/exceptions/#no_such_element
Build info: version: &amp;apos;4.4.0&amp;apos;, revision: &amp;apos;e5c75ed026a&amp;apos;
System info: host: &amp;apos;HP1&amp;apos;, ip: &amp;apos;192.168.1.4&amp;apos;, os.name: &amp;apos;Windows 8.1&amp;apos;, os.arch: &amp;apos;amd64&amp;apos;, os.version: &amp;apos;6.3&amp;apos;, java.version: &amp;apos;11.0.15&amp;apos;
Driver info: org.openqa.selenium.remote.RemoteWebDriver
Command: [0969b1b4-6bf1-4733-8bc7-33e35110e03f, findElement {using=xpath, value=/hierarchy/android.widget.FrameLayout/android.widget.LinearLayout/android.widget.FrameLayout/android.view.ViewGroup/android.widget.FrameLayout[2]/androidx.drawerlayout.widget.DrawerLayout/android.view.ViewGroup/android.widget.FrameLayout/android.widget.FrameLayout/android.widget.LinearLayout/androidx.viewpager.widget.ViewPager/android.widget.LinearLayout/androidx.recyclerview.widget.RecyclerView/android.widget.LinearLayout[0]/android.widget.ImageView[2]}]
Capabilities {appActivity: com.clinic.myclinic.SplashS..., appPackage: com.clinic.myclinic.debug, databaseEnabled: false, desired: {appActivity: com.clinic.myclinic.SplashS..., appPackage: com.clinic.myclinic.debug, deviceName: Android, platformName: android}, deviceApiLevel: 28, deviceManufacturer: samsung, deviceModel: SM-M305F, deviceName: 52004c66bc1996ad, deviceScreenDensity: 420, deviceScreenSize: 1080x2340, deviceUDID: 52004c66bc1996ad, javascriptEnabled: true, locationContextEnabled: false, networkConnectionEnabled: true, pixelRatio: 2.625, platform: LINUX, platformName: ANDROID, platformVersion: 9, statBarHeight: 78, takesScreenshot: true, viewportRect: {height: 2053, left: 0, top: 78, width: 1080}, warnings: {}, webStorageEnabled: false}
Session ID: 0969b1b4-6bf1-4733-8bc7-33e35110e03f">
      <![CDATA[org.openqa.selenium.NoSuchElementException: An element could not be located on the page using the given search parameters.
For documentation on this error, please visit: https://selenium.dev/exceptions/#no_such_element
Build info: version: '4.4.0', revision: 'e5c75ed026a'
System info: host: 'HP1', ip: '192.168.1.4', os.name: 'Windows 8.1', os.arch: 'amd64', os.version: '6.3', java.version: '11.0.15'
Driver info: org.openqa.selenium.remote.RemoteWebDriver
Command: [0969b1b4-6bf1-4733-8bc7-33e35110e03f, findElement {using=xpath, value=/hierarchy/android.widget.FrameLayout/android.widget.LinearLayout/android.widget.FrameLayout/android.view.ViewGroup/android.widget.FrameLayout[2]/androidx.drawerlayout.widget.DrawerLayout/android.view.ViewGroup/android.widget.FrameLayout/android.widget.FrameLayout/android.widget.LinearLayout/androidx.viewpager.widget.ViewPager/android.widget.LinearLayout/androidx.recyclerview.widget.RecyclerView/android.widget.LinearLayout[0]/android.widget.ImageView[2]}]
Capabilities {appActivity: com.clinic.myclinic.SplashS..., appPackage: com.clinic.myclinic.debug, databaseEnabled: false, desired: {appActivity: com.clinic.myclinic.SplashS..., appPackage: com.clinic.myclinic.debug, deviceName: Android, platformName: android}, deviceApiLevel: 28, deviceManufacturer: samsung, deviceModel: SM-M305F, deviceName: 52004c66bc1996ad, deviceScreenDensity: 420, deviceScreenSize: 1080x2340, deviceUDID: 52004c66bc1996ad, javascriptEnabled: true, locationContextEnabled: false, networkConnectionEnabled: true, pixelRatio: 2.625, platform: LINUX, platformName: ANDROID, platformVersion: 9, statBarHeight: 78, takesScreenshot: true, viewportRect: {height: 2053, left: 0, top: 78, width: 1080}, warnings: {}, webStorageEnabled: false}
Session ID: 0969b1b4-6bf1-4733-8bc7-33e35110e03f
at org.openqa.selenium.remote.codec.w3c.W3CHttpResponseCodec.createException(W3CHttpResponseCodec.java:200)
at org.openqa.selenium.remote.codec.w3c.W3CHttpResponseCodec.decode(W3CHttpResponseCodec.java:133)
at org.openqa.selenium.remote.codec.w3c.W3CHttpResponseCodec.decode(W3CHttpResponseCodec.java:53)
at org.openqa.selenium.remote.HttpCommandExecutor.execute(HttpCommandExecutor.java:184)
at org.openqa.selenium.remote.TracedCommandExecutor.execute(TracedCommandExecutor.java:51)
at org.openqa.selenium.remote.RemoteWebDriver.execute(RemoteWebDriver.java:547)
at org.openqa.selenium.remote.ElementLocation$ElementFinder$2.findElement(ElementLocation.java:162)
at org.openqa.selenium.remote.ElementLocation.findElement(ElementLocation.java:60)
at org.openqa.selenium.remote.RemoteWebDriver.findElement(RemoteWebDriver.java:365)
at org.openqa.selenium.remote.RemoteWebDriver.findElement(RemoteWebDriver.java:357)
at MobileTests.TC_MobileToDoListTest_006.TodoListDeleteTask(TC_MobileToDoListTest_006.java:163)
at java.base/java.util.ArrayList.forEach(ArrayList.java:1541)
... Removed 31 stack frames]]>
    </failure>
  </testcase> <!-- TodoListDeleteTask -->
  <testcase classname="MobileTests.TC_MobilePatientVisit_009" name="PatientVisitTest" time="26.267">
    <failure type="org.openqa.selenium.StaleElementReferenceException" message="androidx.test.uiautomator.StaleObjectException
For documentation on this error, please visit: https://selenium.dev/exceptions/#stale_element_reference
Build info: version: &amp;apos;4.4.0&amp;apos;, revision: &amp;apos;e5c75ed026a&amp;apos;
System info: host: &amp;apos;HP1&amp;apos;, ip: &amp;apos;192.168.1.4&amp;apos;, os.name: &amp;apos;Windows 8.1&amp;apos;, os.arch: &amp;apos;amd64&amp;apos;, os.version: &amp;apos;6.3&amp;apos;, java.version: &amp;apos;11.0.15&amp;apos;
Driver info: org.openqa.selenium.remote.RemoteWebDriver
Command: [1897b342-33b9-4620-a4e1-49ee9fcd9af1, sendKeysToElement {id=00000000-0000-007a-ffff-ffff00000091, value=[Ljava.lang.CharSequence;@47ef5a33}]
Capabilities {appActivity: com.clinic.myclinic.SplashS..., appPackage: com.clinic.myclinic.debug, databaseEnabled: false, desired: {appActivity: com.clinic.myclinic.SplashS..., appPackage: com.clinic.myclinic.debug, deviceName: Android, platformName: android}, deviceApiLevel: 28, deviceManufacturer: samsung, deviceModel: SM-M305F, deviceName: 52004c66bc1996ad, deviceScreenDensity: 420, deviceScreenSize: 1080x2340, deviceUDID: 52004c66bc1996ad, javascriptEnabled: true, locationContextEnabled: false, networkConnectionEnabled: true, pixelRatio: 2.625, platform: LINUX, platformName: ANDROID, platformVersion: 9, statBarHeight: 78, takesScreenshot: true, viewportRect: {height: 2053, left: 0, top: 78, width: 1080}, warnings: {}, webStorageEnabled: false}
Element: [[RemoteWebDriver:  on ANDROID (1897b342-33b9-4620-a4e1-49ee9fcd9af1)] -&amp;gt; xpath: /hierarchy/android.widget.FrameLayout/android.widget.LinearLayout/android.widget.FrameLayout/android.view.ViewGroup/android.widget.FrameLayout[2]/androidx.drawerlayout.widget.DrawerLayout/android.view.ViewGroup/android.widget.FrameLayout/android.widget.FrameLayout/android.widget.LinearLayout/android.widget.LinearLayout[2]/android.widget.EditText]
Session ID: 1897b342-33b9-4620-a4e1-49ee9fcd9af1">
      <![CDATA[org.openqa.selenium.StaleElementReferenceException: androidx.test.uiautomator.StaleObjectException
For documentation on this error, please visit: https://selenium.dev/exceptions/#stale_element_reference
Build info: version: '4.4.0', revision: 'e5c75ed026a'
System info: host: 'HP1', ip: '192.168.1.4', os.name: 'Windows 8.1', os.arch: 'amd64', os.version: '6.3', java.version: '11.0.15'
Driver info: org.openqa.selenium.remote.RemoteWebDriver
Command: [1897b342-33b9-4620-a4e1-49ee9fcd9af1, sendKeysToElement {id=00000000-0000-007a-ffff-ffff00000091, value=[Ljava.lang.CharSequence;@47ef5a33}]
Capabilities {appActivity: com.clinic.myclinic.SplashS..., appPackage: com.clinic.myclinic.debug, databaseEnabled: false, desired: {appActivity: com.clinic.myclinic.SplashS..., appPackage: com.clinic.myclinic.debug, deviceName: Android, platformName: android}, deviceApiLevel: 28, deviceManufacturer: samsung, deviceModel: SM-M305F, deviceName: 52004c66bc1996ad, deviceScreenDensity: 420, deviceScreenSize: 1080x2340, deviceUDID: 52004c66bc1996ad, javascriptEnabled: true, locationContextEnabled: false, networkConnectionEnabled: true, pixelRatio: 2.625, platform: LINUX, platformName: ANDROID, platformVersion: 9, statBarHeight: 78, takesScreenshot: true, viewportRect: {height: 2053, left: 0, top: 78, width: 1080}, warnings: {}, webStorageEnabled: false}
Element: [[RemoteWebDriver:  on ANDROID (1897b342-33b9-4620-a4e1-49ee9fcd9af1)] -> xpath: /hierarchy/android.widget.FrameLayout/android.widget.LinearLayout/android.widget.FrameLayout/android.view.ViewGroup/android.widget.FrameLayout[2]/androidx.drawerlayout.widget.DrawerLayout/android.view.ViewGroup/android.widget.FrameLayout/android.widget.FrameLayout/android.widget.LinearLayout/android.widget.LinearLayout[2]/android.widget.EditText]
Session ID: 1897b342-33b9-4620-a4e1-49ee9fcd9af1
at org.openqa.selenium.remote.codec.w3c.W3CHttpResponseCodec.createException(W3CHttpResponseCodec.java:200)
at org.openqa.selenium.remote.codec.w3c.W3CHttpResponseCodec.decode(W3CHttpResponseCodec.java:133)
at org.openqa.selenium.remote.codec.w3c.W3CHttpResponseCodec.decode(W3CHttpResponseCodec.java:53)
at org.openqa.selenium.remote.HttpCommandExecutor.execute(HttpCommandExecutor.java:184)
at org.openqa.selenium.remote.TracedCommandExecutor.execute(TracedCommandExecutor.java:51)
at org.openqa.selenium.remote.RemoteWebDriver.execute(RemoteWebDriver.java:547)
at org.openqa.selenium.remote.RemoteWebElement.execute(RemoteWebElement.java:257)
at org.openqa.selenium.remote.RemoteWebElement.sendKeys(RemoteWebElement.java:113)
at org.openqa.selenium.support.pagefactory.internal.LocatingElementHandler.invoke(LocatingElementHandler.java:51)
at com.sun.proxy.$Proxy22.sendKeys(Unknown Source)
at MobileTests.TC_MobilePatientVisit_009.PatientVisitTest(TC_MobilePatientVisit_009.java:60)
at java.base/java.util.ArrayList.forEach(ArrayList.java:1541)
... Removed 34 stack frames]]>
    </failure>
  </testcase> <!-- PatientVisitTest -->
  <testcase classname="MobileTests.TC_MobilePatientVisit_009" name="PatientVisitTestWithoutPrimarycomplaint" time="3.21">
    <failure type="org.openqa.selenium.NoSuchElementException" message="An element could not be located on the page using the given search parameters.
For documentation on this error, please visit: https://selenium.dev/exceptions/#no_such_element
Build info: version: &amp;apos;4.4.0&amp;apos;, revision: &amp;apos;e5c75ed026a&amp;apos;
System info: host: &amp;apos;HP1&amp;apos;, ip: &amp;apos;192.168.1.4&amp;apos;, os.name: &amp;apos;Windows 8.1&amp;apos;, os.arch: &amp;apos;amd64&amp;apos;, os.version: &amp;apos;6.3&amp;apos;, java.version: &amp;apos;11.0.15&amp;apos;
Driver info: org.openqa.selenium.remote.RemoteWebDriver
Command: [1897b342-33b9-4620-a4e1-49ee9fcd9af1, findElement {using=id, value=com.clinic.myclinic.debug:id/btnPatientVisitAtDetail}]
Capabilities {appActivity: com.clinic.myclinic.SplashS..., appPackage: com.clinic.myclinic.debug, databaseEnabled: false, desired: {appActivity: com.clinic.myclinic.SplashS..., appPackage: com.clinic.myclinic.debug, deviceName: Android, platformName: android}, deviceApiLevel: 28, deviceManufacturer: samsung, deviceModel: SM-M305F, deviceName: 52004c66bc1996ad, deviceScreenDensity: 420, deviceScreenSize: 1080x2340, deviceUDID: 52004c66bc1996ad, javascriptEnabled: true, locationContextEnabled: false, networkConnectionEnabled: true, pixelRatio: 2.625, platform: LINUX, platformName: ANDROID, platformVersion: 9, statBarHeight: 78, takesScreenshot: true, viewportRect: {height: 2053, left: 0, top: 78, width: 1080}, warnings: {}, webStorageEnabled: false}
Session ID: 1897b342-33b9-4620-a4e1-49ee9fcd9af1">
      <![CDATA[org.openqa.selenium.NoSuchElementException: An element could not be located on the page using the given search parameters.
For documentation on this error, please visit: https://selenium.dev/exceptions/#no_such_element
Build info: version: '4.4.0', revision: 'e5c75ed026a'
System info: host: 'HP1', ip: '192.168.1.4', os.name: 'Windows 8.1', os.arch: 'amd64', os.version: '6.3', java.version: '11.0.15'
Driver info: org.openqa.selenium.remote.RemoteWebDriver
Command: [1897b342-33b9-4620-a4e1-49ee9fcd9af1, findElement {using=id, value=com.clinic.myclinic.debug:id/btnPatientVisitAtDetail}]
Capabilities {appActivity: com.clinic.myclinic.SplashS..., appPackage: com.clinic.myclinic.debug, databaseEnabled: false, desired: {appActivity: com.clinic.myclinic.SplashS..., appPackage: com.clinic.myclinic.debug, deviceName: Android, platformName: android}, deviceApiLevel: 28, deviceManufacturer: samsung, deviceModel: SM-M305F, deviceName: 52004c66bc1996ad, deviceScreenDensity: 420, deviceScreenSize: 1080x2340, deviceUDID: 52004c66bc1996ad, javascriptEnabled: true, locationContextEnabled: false, networkConnectionEnabled: true, pixelRatio: 2.625, platform: LINUX, platformName: ANDROID, platformVersion: 9, statBarHeight: 78, takesScreenshot: true, viewportRect: {height: 2053, left: 0, top: 78, width: 1080}, warnings: {}, webStorageEnabled: false}
Session ID: 1897b342-33b9-4620-a4e1-49ee9fcd9af1
at org.openqa.selenium.remote.codec.w3c.W3CHttpResponseCodec.createException(W3CHttpResponseCodec.java:200)
at org.openqa.selenium.remote.codec.w3c.W3CHttpResponseCodec.decode(W3CHttpResponseCodec.java:133)
at org.openqa.selenium.remote.codec.w3c.W3CHttpResponseCodec.decode(W3CHttpResponseCodec.java:53)
at org.openqa.selenium.remote.HttpCommandExecutor.execute(HttpCommandExecutor.java:184)
at org.openqa.selenium.remote.TracedCommandExecutor.execute(TracedCommandExecutor.java:51)
at org.openqa.selenium.remote.RemoteWebDriver.execute(RemoteWebDriver.java:547)
at org.openqa.selenium.remote.ElementLocation$ElementFinder$2.findElement(ElementLocation.java:162)
at org.openqa.selenium.remote.ElementLocation.findElement(ElementLocation.java:60)
at org.openqa.selenium.remote.RemoteWebDriver.findElement(RemoteWebDriver.java:365)
at org.openqa.selenium.remote.RemoteWebDriver.findElement(RemoteWebDriver.java:357)
at org.openqa.selenium.support.pagefactory.DefaultElementLocator.findElement(DefaultElementLocator.java:69)
at org.openqa.selenium.support.pagefactory.internal.LocatingElementHandler.invoke(LocatingElementHandler.java:38)
at com.sun.proxy.$Proxy22.click(Unknown Source)
at MobileTests.TC_MobilePatientVisit_009.PatientVisitTestWithoutPrimarycomplaint(TC_MobilePatientVisit_009.java:116)
at java.base/java.util.ArrayList.forEach(ArrayList.java:1541)
... Removed 31 stack frames]]>
    </failure>
  </testcase> <!-- PatientVisitTestWithoutPrimarycomplaint -->
  <testcase classname="MobileTests.TC_MobileBillingTest_010" name="GenerateBillTest" time="14.126">
    <failure type="org.openqa.selenium.NoSuchElementException" message="An element could not be located on the page using the given search parameters.
For documentation on this error, please visit: https://selenium.dev/exceptions/#no_such_element
Build info: version: &amp;apos;4.4.0&amp;apos;, revision: &amp;apos;e5c75ed026a&amp;apos;
System info: host: &amp;apos;HP1&amp;apos;, ip: &amp;apos;192.168.1.4&amp;apos;, os.name: &amp;apos;Windows 8.1&amp;apos;, os.arch: &amp;apos;amd64&amp;apos;, os.version: &amp;apos;6.3&amp;apos;, java.version: &amp;apos;11.0.15&amp;apos;
Driver info: org.openqa.selenium.remote.RemoteWebDriver
Command: [2cfc7d2e-e524-4c9c-acda-d9f3e7359f09, findElement {using=xpath, value=//android.widget.ImageButton[@content-desc=&amp;apos;Open&amp;apos;]}]
Capabilities {appActivity: com.clinic.myclinic.SplashS..., appPackage: com.clinic.myclinic.debug, databaseEnabled: false, desired: {appActivity: com.clinic.myclinic.SplashS..., appPackage: com.clinic.myclinic.debug, deviceName: Android, platformName: android}, deviceApiLevel: 28, deviceManufacturer: samsung, deviceModel: SM-M305F, deviceName: 52004c66bc1996ad, deviceScreenDensity: 420, deviceScreenSize: 1080x2340, deviceUDID: 52004c66bc1996ad, javascriptEnabled: true, locationContextEnabled: false, networkConnectionEnabled: true, pixelRatio: 2.625, platform: LINUX, platformName: ANDROID, platformVersion: 9, statBarHeight: 78, takesScreenshot: true, viewportRect: {height: 2053, left: 0, top: 78, width: 1080}, warnings: {}, webStorageEnabled: false}
Session ID: 2cfc7d2e-e524-4c9c-acda-d9f3e7359f09">
      <![CDATA[org.openqa.selenium.NoSuchElementException: An element could not be located on the page using the given search parameters.
For documentation on this error, please visit: https://selenium.dev/exceptions/#no_such_element
Build info: version: '4.4.0', revision: 'e5c75ed026a'
System info: host: 'HP1', ip: '192.168.1.4', os.name: 'Windows 8.1', os.arch: 'amd64', os.version: '6.3', java.version: '11.0.15'
Driver info: org.openqa.selenium.remote.RemoteWebDriver
Command: [2cfc7d2e-e524-4c9c-acda-d9f3e7359f09, findElement {using=xpath, value=//android.widget.ImageButton[@content-desc='Open']}]
Capabilities {appActivity: com.clinic.myclinic.SplashS..., appPackage: com.clinic.myclinic.debug, databaseEnabled: false, desired: {appActivity: com.clinic.myclinic.SplashS..., appPackage: com.clinic.myclinic.debug, deviceName: Android, platformName: android}, deviceApiLevel: 28, deviceManufacturer: samsung, deviceModel: SM-M305F, deviceName: 52004c66bc1996ad, deviceScreenDensity: 420, deviceScreenSize: 1080x2340, deviceUDID: 52004c66bc1996ad, javascriptEnabled: true, locationContextEnabled: false, networkConnectionEnabled: true, pixelRatio: 2.625, platform: LINUX, platformName: ANDROID, platformVersion: 9, statBarHeight: 78, takesScreenshot: true, viewportRect: {height: 2053, left: 0, top: 78, width: 1080}, warnings: {}, webStorageEnabled: false}
Session ID: 2cfc7d2e-e524-4c9c-acda-d9f3e7359f09
at org.openqa.selenium.remote.codec.w3c.W3CHttpResponseCodec.createException(W3CHttpResponseCodec.java:200)
at org.openqa.selenium.remote.codec.w3c.W3CHttpResponseCodec.decode(W3CHttpResponseCodec.java:133)
at org.openqa.selenium.remote.codec.w3c.W3CHttpResponseCodec.decode(W3CHttpResponseCodec.java:53)
at org.openqa.selenium.remote.HttpCommandExecutor.execute(HttpCommandExecutor.java:184)
at org.openqa.selenium.remote.TracedCommandExecutor.execute(TracedCommandExecutor.java:51)
at org.openqa.selenium.remote.RemoteWebDriver.execute(RemoteWebDriver.java:547)
at org.openqa.selenium.remote.ElementLocation$ElementFinder$2.findElement(ElementLocation.java:162)
at org.openqa.selenium.remote.ElementLocation.findElement(ElementLocation.java:60)
at org.openqa.selenium.remote.RemoteWebDriver.findElement(RemoteWebDriver.java:365)
at org.openqa.selenium.remote.RemoteWebDriver.findElement(RemoteWebDriver.java:357)
at org.openqa.selenium.support.pagefactory.DefaultElementLocator.findElement(DefaultElementLocator.java:69)
at org.openqa.selenium.support.pagefactory.internal.LocatingElementHandler.invoke(LocatingElementHandler.java:38)
at com.sun.proxy.$Proxy22.click(Unknown Source)
at MobileTests.TC_MobileBillingTest_010.GenerateBillTest(TC_MobileBillingTest_010.java:61)
at java.base/java.util.ArrayList.forEach(ArrayList.java:1541)
... Removed 31 stack frames]]>
    </failure>
  </testcase> <!-- GenerateBillTest -->
  <testcase classname="MobileTests.TC_DrProfileTest_011" name="DrProfileTest" time="73.432"/>
  <testcase classname="MedoPractApp.MedoPractApp.Resources.Base" name="@AfterSuite closure" time="0.0">
    <ignored/>
  </testcase> <!-- @AfterSuite closure -->
  <testcase classname="MedoPractApp.MedoPractApp.Resources.Base" name="@AfterSuite closure" time="0.0">
    <ignored/>
  </testcase> <!-- @AfterSuite closure -->
  <testcase classname="MedoPractApp.MedoPractApp.Resources.Base" name="@AfterSuite closure" time="0.0">
    <ignored/>
  </testcase> <!-- @AfterSuite closure -->
  <testcase classname="MedoPractApp.MedoPractApp.Resources.Base" name="@AfterSuite closure" time="0.0">
    <ignored/>
  </testcase> <!-- @AfterSuite closure -->
  <testcase classname="MedoPractApp.MedoPractApp.Resources.Base" name="@AfterSuite closure" time="0.0">
    <ignored/>
  </testcase> <!-- @AfterSuite closure -->
  <testcase classname="MedoPractApp.MedoPractApp.Resources.Base" name="@AfterSuite closure" time="0.0">
    <ignored/>
  </testcase> <!-- @AfterSuite closure -->
  <testcase classname="MedoPractApp.MedoPractApp.Resources.Base" name="@AfterSuite closure" time="0.0">
    <ignored/>
  </testcase> <!-- @AfterSuite closure -->
  <testcase classname="MedoPractApp.MedoPractApp.Resources.Base" name="@AfterSuite closure" time="0.0">
    <ignored/>
  </testcase> <!-- @AfterSuite closure -->
  <testcase classname="MedoPractApp.MedoPractApp.Resources.Base" name="@AfterSuite closure" time="0.0">
    <ignored/>
  </testcase> <!-- @AfterSuite closure -->
  <testcase classname="MedoPractApp.MedoPractApp.Resources.Base" name="@AfterSuite closure" time="0.0">
    <ignored/>
  </testcase> <!-- @AfterSuite closure -->
  <testcase classname="MedoPractApp.MedoPractApp.Resources.Base" name="@BeforeSuite configuration" time="0.0">
    <ignored/>
  </testcase> <!-- @BeforeSuite configuration -->
  <testcase classname="MedoPractApp.MedoPractApp.Resources.Base" name="@BeforeSuite configuration" time="0.0">
    <ignored/>
  </testcase> <!-- @BeforeSuite configuration -->
  <testcase classname="MedoPractApp.MedoPractApp.Resources.Base" name="@BeforeSuite configuration" time="0.0">
    <ignored/>
  </testcase> <!-- @BeforeSuite configuration -->
  <testcase classname="MedoPractApp.MedoPractApp.Resources.Base" name="@BeforeSuite configuration" time="0.0">
    <ignored/>
  </testcase> <!-- @BeforeSuite configuration -->
  <testcase classname="MedoPractApp.MedoPractApp.Resources.Base" name="@BeforeSuite configuration" time="0.0">
    <ignored/>
  </testcase> <!-- @BeforeSuite configuration -->
  <testcase classname="MedoPractApp.MedoPractApp.Resources.Base" name="@BeforeSuite configuration" time="0.0">
    <ignored/>
  </testcase> <!-- @BeforeSuite configuration -->
  <testcase classname="MedoPractApp.MedoPractApp.Resources.Base" name="@BeforeSuite configuration" time="0.0">
    <ignored/>
  </testcase> <!-- @BeforeSuite configuration -->
  <testcase classname="MedoPractApp.MedoPractApp.Resources.Base" name="@BeforeSuite configuration" time="0.0">
    <ignored/>
  </testcase> <!-- @BeforeSuite configuration -->
  <testcase classname="MedoPractApp.MedoPractApp.Resources.Base" name="@BeforeSuite configuration" time="0.0">
    <ignored/>
  </testcase> <!-- @BeforeSuite configuration -->
  <testcase classname="MedoPractApp.MedoPractApp.Resources.Base" name="@BeforeSuite configuration" time="0.0">
    <ignored/>
  </testcase> <!-- @BeforeSuite configuration -->
</testsuite> <!-- Testing.xml -->
